<?xml version="1.0" encoding="UTF-8"?>
<testsuite xmlns:xsi="http://www.w3.org/2001/XMLSchema-instance" xsi:noNamespaceSchemaLocation="https://maven.apache.org/surefire/maven-surefire-plugin/xsd/surefire-test-report-3.0.xsd" version="3.0" name="TestSuite" time="9.215" tests="2" errors="0" skipped="0" failures="0">
  <properties>
[...]
</properties>
  <testcase name="runScenario[&quot;Verify the home page search button is working as per the requirement&quot;, &quot;HomePage Search Functionality&quot;](1)" classname="cucumberOptions.TestNGRunner" time="6.129">
    <system-out><![CDATA[
Scenario Outline: Verify the home page search button is working as per the requirement # src/test/java/features/HomeTest.feature:16

Scenario Outline: Verify the home page search button is working as per the requirement # src/test/java/features/HomeTest.feature:15
Landed on home page
  Given User landed on Home page                                                       # stepDefinitions.HomePageStepDefinition.user_landed_on_home_page()
Homepage item successfully searched
Homepage item successfully verified
  When User search Beet in the search box                                              # stepDefinitions.HomePageStepDefinition.user_search_in_the_search_box(java.lang.String)
Searched offerpage item
  When User search offer page item "Tom"                                               # stepDefinitions.OfferPageStepDefinition.user_search_offer_page_item(java.lang.String)
Landed on home page
  Given User landed on Home page                                                       # stepDefinitions.HomePageStepDefinition.user_landed_on_home_page()
]]></system-out>
    <system-err><![CDATA[SLF4J: Failed to load class "org.slf4j.impl.StaticLoggerBinder".
SLF4J: Defaulting to no-operation (NOP) logger implementation
SLF4J: See http://www.slf4j.org/codes.html#StaticLoggerBinder for further details.
ERROR StatusLogger Log4j2 could not find a logging implementation. Please add log4j-core to the classpath. Using SimpleLogger to log to the console...
Starting ChromeDriver 120.0.6099.109 (3419140ab665596f21b385ce136419fde0924272-refs/branch-headsS/t6a0rt9i9ng@ {C#h1r4o8me3D}r)iv oenr  1p20o.r0t. 26109190.010
9O n(l3y 4l1o9c1a4l0 acobn66n5e5c96ft2i1obn3s8 5acree1 3al6l4o19wfedde.0924
2P7l2e-arsefe ss/eber ahntcthp-she:/ad/sch/r6o0m9e9d@r{i#v1er48.3c}h)r oomni upmor.to r6g6/5s4e
cOunrliyt yl-occoanls idceornanteicotniso fnosr  saurgeg ealsltowieodn.s
 Ponl keeaesep isneg Ceh rohmteDtrpisv:e/r/ csharfeo.m
edriverC.hchrroommeiDurmi.voregr/ was sstaretcedu rsiutcyc-esscfounlsliyd.er
ations for suggestions on keeping ChromeDriver safe.
ChromeDriver was started successfully.
[1[70167702617024150.45582.]5[8W2A]R[NWIANRGN]I:N GT]h:i sT hviesr vsieorns ioofn  Cohfr oCmherDorimveeDr rhiavse rn ohta bse en tnesotte d bweietnh  tCehsrtoemde  vweithr sCihorno me1 2v1e.rs
ion 121.
Jan 31, 2024 10:40:45 PM org.openqa.selenium.devtools.CdpVersionFinder findNearestMatch
WARNING: Unable to find CDP implementation matching 121
Jan 31, 2024 10:40:45 PM org.openqa.selenium.devtools.CdpVersionFinder findNearestMatch
WARNING: Unable to find CDP implementation matching 121
Jan 31, 2024 10:40:46 PM org.openqa.selenium.chromium.ChromiumDriver lambda$new$3
WARNING: Unable to find version of CDP to use for . You may need to include a dependency on a specific version of the CDP using something similar to `org.seleniumhq.selenium:selenium-devtools-v86:4.9.1` where the version ("v86") matches the version of the chromium-based browser you're using and the version number of the artifact is the same as Selenium's.
Jan 31, 2024 10:40:46 PM org.openqa.selenium.chromium.ChromiumDriver lambda$new$3
WARNING: Unable to find version of CDP to use for . You may need to include a dependency on a specific version of the CDP using something similar to `org.seleniumhq.selenium:selenium-devtools-v86:4.9.1` where the version ("v86") matches the version of the chromium-based browser you're using and the version number of the artifact is the same as Selenium's.
Jan 31, 2024 10:40:48 PM org.openqa.selenium.remote.http.WebSocket$Listener onError
WARNING: Connection reset
java.net.SocketException: Connection reset
	at java.base/sun.nio.ch.SocketChannelImpl.throwConnectionReset(SocketChannelImpl.java:394)
	at java.base/sun.nio.ch.SocketChannelImpl.read(SocketChannelImpl.java:426)
	at io.netty.buffer.PooledByteBuf.setBytes(PooledByteBuf.java:256)
	at io.netty.buffer.AbstractByteBuf.writeBytes(AbstractByteBuf.java:1132)
	at io.netty.channel.socket.nio.NioSocketChannel.doReadBytes(NioSocketChannel.java:357)
	at io.netty.channel.nio.AbstractNioByteChannel$NioByteUnsafe.read(AbstractNioByteChannel.java:151)
	at io.netty.channel.nio.NioEventLoop.processSelectedKey(NioEventLoop.java:788)
	at io.netty.channel.nio.NioEventLoop.processSelectedKeysOptimized(NioEventLoop.java:724)
	at io.netty.channel.nio.NioEventLoop.processSelectedKeys(NioEventLoop.java:650)
	at io.netty.channel.nio.NioEventLoop.run(NioEventLoop.java:562)
	at io.netty.util.concurrent.SingleThreadEventExecutor$4.run(SingleThreadEventExecutor.java:997)
	at io.netty.util.internal.ThreadExecutorMap$2.run(ThreadExecutorMap.java:74)
	at io.netty.util.concurrent.FastThreadLocalRunnable.run(FastThreadLocalRunnable.java:30)
	at java.base/java.lang.Thread.run(Thread.java:833)

]]></system-err>
  </testcase>
  <testcase name="runScenario[&quot;Verify the home page search button is working as per the requirement&quot;, &quot;HomePage Search Functionality&quot;](2)" classname="cucumberOptions.TestNGRunner" time="6.9">
    <system-out><![CDATA[Homepage item successfully searched
Homepage item successfully verified
  When User search Tom in the search box                                               # stepDefinitions.HomePageStepDefinition.user_search_in_the_search_box(java.lang.String)
Searched offerpage item
  When User search offer page item "Tom"                                               # stepDefinitions.OfferPageStepDefinition.user_search_offer_page_item(java.lang.String)
]]></system-out>
  </testcase>
</testsuite>